[2026-01-09 13:21:57] ♻️ Подключаемся к Redis...
[2026-01-09 13:21:57] ✅ Redis готов!
[2026-01-09 13:21:57] 🧹 Очищаем старые обновления...
[2026-01-09 13:21:58] ✅ Нет старых обновлений для очистки
[2026-01-09 13:21:58] ✅ Бот @StudyPractical_Bot готов к работе!
[2026-01-09 13:21:58] 🆔 ID бота: 8226200524
[2026-01-09 13:21:58] 🚀 Запускаем основной цикл обработки сообщений...
[2026-01-09 13:22:51] 📩 [Private] [13:22:51] 1147032885 (user:1147032885): ф
[2026-01-09 13:22:51] ✅ [1147032885] Отправлено приветствие с кнопкой начала
[2026-01-09 13:22:55] 📩 [Private] [13:22:55] 1147032885 (user:1147032885): Начать
[2026-01-09 13:22:55] 🔄 [1147032885] Кнопка 'Начать' преобразована в команду /start
[2026-01-09 13:22:55] 🔄 [1147032885] Установлено состояние: awaiting_name
[2026-01-09 13:22:55] ✅ [1147032885] Команда /start обработана
[2026-01-09 13:22:58] 📩 [Private] [13:22:58] 1147032885 (user:1147032885): Андрей
[2026-01-09 13:22:58] 🔄 [1147032885] Обработка состояния: awaiting_name
[2026-01-09 13:22:58] ✅ [1147032885] Имя сохранено: Андрей
[2026-01-09 13:23:08] 📩 [Private] [13:23:08] 1147032885 (user:1147032885): Начать
[2026-01-09 13:23:08] 🔄 [1147032885] Кнопка 'Начать' преобразована в команду /start
[2026-01-09 13:23:08] ✅ [1147032885] Команда /start обработана
[2026-01-09 13:25:56] ♻️ Подключаемся к Redis...
[2026-01-09 13:25:56] ✅ Redis готов!
[2026-01-09 13:25:56] 🧹 Очищаем старые обновления...
[2026-01-09 13:25:56] ✅ Нет старых обновлений для очистки
[2026-01-09 13:25:57] ✅ Бот @StudyPractical_Bot готов к работе!
[2026-01-09 13:25:57] 🆔 ID бота: 8226200524
[2026-01-09 13:25:57] 🚀 Запускаем основной цикл обработки сообщений...
[2026-01-09 13:26:03] 📩 [Private] [13:26:03] 1147032885 (user:1147032885): а
[2026-01-09 13:26:03] ✅ [1147032885] Отправлено приветствие с кнопкой начала
[2026-01-09 13:26:05] 📩 [Private] [13:26:05] 1147032885 (user:1147032885): Начать
[2026-01-09 13:26:05] 🔄 [1147032885] Кнопка 'Начать' преобразована в команду /start
[2026-01-09 13:26:05] 🔄 [1147032885] Установлено состояние: awaiting_name
[2026-01-09 13:26:05] ✅ [1147032885] Команда /start обработана
[2026-01-09 13:26:08] 📩 [Private] [13:26:08] 1147032885 (user:1147032885): Андрей
[2026-01-09 13:26:08] 🔄 [1147032885] Обработка состояния: awaiting_name
[2026-01-09 13:26:08] ✅ [1147032885] Имя сохранено: Андрей
[2026-01-09 13:26:13] 📩 [Private] [13:26:13] 1147032885 (user:1147032885): Начать
[2026-01-09 13:26:13] 🔄 [1147032885] Кнопка 'Начать' преобразована в команду /start
[2026-01-09 13:26:13] ✅ [1147032885] Команда /start обработана
[2026-01-09 13:26:16] 📩 [Private] [13:26:16] 1147032885 (user:1147032885): Помощь
[2026-01-09 13:26:16] 🔄 [1147032885] Кнопка 'Помощь' преобразована в команду /help
[2026-01-09 13:26:16] ✅ [1147032885] Команда /help обработана
[2026-01-09 13:26:21] 📩 [Private] [13:26:21] 1147032885 (user:1147032885): Начать
[2026-01-09 13:26:21] 🔄 [1147032885] Кнопка 'Начать' преобразована в команду /start
[2026-01-09 13:26:21] ✅ [1147032885] Команда /start обработана
[2026-01-09 13:26:43] 📩 [Private] [13:26:43] 1147032885 (user:1147032885): а
[2026-01-09 13:26:43] ✅ [1147032885] Отправлено приветствие с кнопкой начала
[2026-01-09 13:26:44] 📩 [Private] [13:26:44] 1147032885 (user:1147032885): Начать
[2026-01-09 13:26:44] 🔄 [1147032885] Кнопка 'Начать' преобразована в команду /start
[2026-01-09 13:26:44] 🔄 [1147032885] Установлено состояние: awaiting_name
[2026-01-09 13:26:44] ✅ [1147032885] Команда /start обработана
[2026-01-09 13:26:47] 📩 [Private] [13:26:47] 1147032885 (user:1147032885): /cancel
[2026-01-09 13:26:47] 🔄 [1147032885] Состояние сброшено командой /cancel
[2026-01-09 13:26:54] 📩 [Private] [13:26:54] 1147032885 (user:1147032885): Начать
[2026-01-09 13:26:54] 🔄 [1147032885] Кнопка 'Начать' преобразована в команду /start
[2026-01-09 13:26:54] 🔄 [1147032885] Установлено состояние: awaiting_name
[2026-01-09 13:26:54] ✅ [1147032885] Команда /start обработана
[2026-01-09 13:29:44] ♻️ Подключаемся к Redis...
[2026-01-09 13:29:45] ✅ Redis готов!
[2026-01-09 13:29:45] 🧹 Очищаем старые обновления...
[2026-01-09 13:29:45] ✅ Нет старых обновлений для очистки
[2026-01-09 13:29:45] ✅ Бот @StudyPractical_Bot готов к работе!
[2026-01-09 13:29:45] 🆔 ID бота: 8226200524
[2026-01-09 13:29:45] 🚀 Запускаем основной цикл обработки сообщений...
[2026-01-09 13:29:57] 📩 [Private] [13:29:57] 1147032885 (user:1147032885): f
[2026-01-09 13:29:57] ✅ [1147032885] Отправлено приветствие с кнопкой начала
[2026-01-09 13:30:01] 📩 [Private] [13:30:01] 1147032885 (user:1147032885): Начать
[2026-01-09 13:30:01] 🔄 [1147032885] Кнопка 'Начать' преобразована в команду /start
[2026-01-09 13:30:01] 🔄 [1147032885] Установлено состояние: awaiting_name
[2026-01-09 13:30:01] ✅ [1147032885] Команда /start обработана
[2026-01-09 13:30:05] 📩 [Private] [13:30:05] 1147032885 (user:1147032885): Андрей
[2026-01-09 13:30:05] 🔄 [1147032885] Обработка состояния: awaiting_name
[2026-01-09 13:30:05] ✅ [1147032885] Имя сохранено: Андрей
[2026-01-09 13:30:26] 📩 [Private] [13:30:26] 1147032885 (user:1147032885): а
[2026-01-09 13:30:26] ✅ [1147032885] Отправлено приветствие с кнопкой начала
[2026-01-09 13:30:29] 📩 [Private] [13:30:29] 1147032885 (user:1147032885): Начать
[2026-01-09 13:30:29] 🔄 [1147032885] Кнопка 'Начать' преобразована в команду /start
[2026-01-09 13:30:29] 🔄 [1147032885] Установлено состояние: awaiting_name
[2026-01-09 13:30:29] ✅ [1147032885] Команда /start обработана
[2026-01-09 13:35:51] ♻️ Подключаемся к Redis...
[2026-01-09 13:35:51] ✅ Redis готов!
[2026-01-09 13:35:51] 🧹 Очищаем старые обновления...
[2026-01-09 13:35:51] ✅ Нет старых обновлений для очистки
[2026-01-09 13:35:52] ✅ Бот @StudyPractical_Bot готов к работе!
[2026-01-09 13:35:52] 🆔 ID бота: 8226200524
[2026-01-09 13:35:52] 🚀 Запускаем основной цикл обработки сообщений...
[2026-01-09 13:42:58] ♻️ Подключаемся к Redis...
[2026-01-09 13:42:58] ✅ Redis готов!
[2026-01-09 13:42:58] 🧹 Очищаем старые обновления...
[2026-01-09 13:42:58] ✅ Нет старых обновлений для очистки
[2026-01-09 13:42:59] ✅ Бот @StudyPractical_Bot готов к работе!
[2026-01-09 13:42:59] 🆔 ID бота: 8226200524
[2026-01-09 13:42:59] 🚀 Запускаем основной цикл обработки сообщений...
[2026-01-09 13:43:14] 📩 [Private] [13:43:14] 1147032885 (user:1147032885): d
[2026-01-09 13:43:14] ✅ [1147032885] Отправлено приветствие с кнопкой начала
[2026-01-09 13:43:16] 📩 [Private] [13:43:16] 1147032885 (user:1147032885): Начать
[2026-01-09 13:43:16] 🔄 [1147032885] Кнопка 'Начать' преобразована в команду /start
[2026-01-09 13:43:16] 🔄 [1147032885] Установлено состояние: awaiting_name
[2026-01-09 13:43:16] ✅ [1147032885] Команда /start обработана
[2026-01-09 13:43:19] 📩 [Private] [13:43:19] 1147032885 (user:1147032885): Отмена
[2026-01-09 13:43:19] 🔄 [1147032885] Кнопка 'Отмена' преобразована в команду /cancel
[2026-01-09 13:43:19] 🔄 [1147032885] Состояние сброшено командой /cancel
[2026-01-09 13:43:21] 📩 [Private] [13:43:21] 1147032885 (user:1147032885): Помощь
[2026-01-09 13:43:21] 🔄 [1147032885] Кнопка 'Помощь' преобразована в команду /help
[2026-01-09 13:43:21] ✅ [1147032885] Команда /help обработана
[2026-01-09 13:43:23] 📩 [Private] [13:43:23] 1147032885 (user:1147032885): Начать
[2026-01-09 13:43:23] 🔄 [1147032885] Кнопка 'Начать' преобразована в команду /start
[2026-01-09 13:43:23] 🔄 [1147032885] Установлено состояние: awaiting_name
[2026-01-09 13:43:23] ✅ [1147032885] Команда /start обработана
[2026-01-09 13:43:31] 📩 [Private] [13:43:31] 1147032885 (user:1147032885): Отмена
[2026-01-09 13:43:31] 🔄 [1147032885] Кнопка 'Отмена' преобразована в команду /cancel
[2026-01-09 13:43:31] 🔄 [1147032885] Состояние сброшено командой /cancel
[2026-01-09 13:43:47] 📩 [Private] [13:43:47] 1147032885 (user:1147032885): Начать
[2026-01-09 13:43:47] 🔄 [1147032885] Кнопка 'Начать' преобразована в команду /start
[2026-01-09 13:43:47] 🔄 [1147032885] Установлено состояние: awaiting_name
[2026-01-09 13:43:47] ✅ [1147032885] Команда /start обработана
[2026-01-09 13:43:51] 📩 [Private] [13:43:51] 1147032885 (user:1147032885): Отмена
[2026-01-09 13:43:51] 🔄 [1147032885] Кнопка 'Отмена' преобразована в команду /cancel
[2026-01-09 13:43:51] 🔄 [1147032885] Состояние сброшено командой /cancel
[2026-01-09 13:43:54] 📩 [Private] [13:43:54] 1147032885 (user:1147032885): Помощь
[2026-01-09 13:43:54] 🔄 [1147032885] Кнопка 'Помощь' преобразована в команду /help
[2026-01-09 13:43:54] ✅ [1147032885] Команда /help обработана
[2026-01-09 13:44:01] 📩 [Private] [13:44:01] 1147032885 (user:1147032885): Начать
[2026-01-09 13:44:01] 🔄 [1147032885] Кнопка 'Начать' преобразована в команду /start
[2026-01-09 13:44:01] 🔄 [1147032885] Установлено состояние: awaiting_name
[2026-01-09 13:44:01] ✅ [1147032885] Команда /start обработана
[2026-01-09 13:44:12] 📩 [Private] [13:44:12] 1147032885 (user:1147032885): Отмена
[2026-01-09 13:44:12] 🔄 [1147032885] Кнопка 'Отмена' преобразована в команду /cancel
[2026-01-09 13:44:12] 🔄 [1147032885] Состояние сброшено командой /cancel
[2026-01-09 13:44:16] 📩 [Private] [13:44:16] 1147032885 (user:1147032885): Начать
[2026-01-09 13:44:16] 🔄 [1147032885] Кнопка 'Начать' преобразована в команду /start
[2026-01-09 13:44:16] 🔄 [1147032885] Установлено состояние: awaiting_name
[2026-01-09 13:44:16] ✅ [1147032885] Команда /start обработана
[2026-01-09 13:44:21] 📩 [Private] [13:44:21] 1147032885 (user:1147032885): Андей
[2026-01-09 13:44:21] 🔄 [1147032885] Обработка состояния: awaiting_name
[2026-01-09 13:44:21] ✅ [1147032885] Имя сохранено: Андей
[2026-01-09 13:50:18] ♻️ Подключаемся к Redis...
[2026-01-09 13:50:18] ✅ Redis готов!
[2026-01-09 13:50:18] 🧹 Очищаем старые обновления...
[2026-01-09 13:50:18] ✅ Нет старых обновлений для очистки
[2026-01-09 13:50:18] ✅ Бот @StudyPractical_Bot готов к работе!
[2026-01-09 13:50:18] 🆔 ID бота: 8226200524
[2026-01-09 13:50:18] 🚀 Запускаем основной цикл обработки сообщений...
[2026-01-09 13:50:26] 📩 [Private] [13:50:26] 1147032885 (user:1147032885): a
[2026-01-09 13:50:27] ✅ [1147032885] Отправлено приветствие с кнопкой начала
[2026-01-09 13:50:28] 📩 [Private] [13:50:28] 1147032885 (user:1147032885): Начать
[2026-01-09 13:50:28] 🔄 [1147032885] Кнопка 'Начать' преобразована в команду /start
[2026-01-09 13:50:28] 🔄 [1147032885] Установлено состояние: awaiting_name
[2026-01-09 13:50:28] ✅ [1147032885] Команда /start обработана
[2026-01-09 13:50:36] 📩 [Private] [13:50:36] 1147032885 (user:1147032885): Андрей
[2026-01-09 13:50:36] 🔄 [1147032885] Обработка состояния: awaiting_name
[2026-01-09 13:50:36] ✅ [1147032885] Имя сохранено: Андрей
[2026-01-09 13:53:22] ♻️ Подключаемся к Redis...
[2026-01-09 13:53:22] ✅ Redis готов!
[2026-01-09 13:53:22] 🧹 Очищаем старые обновления...
[2026-01-09 13:53:22] ✅ Нет старых обновлений для очистки
[2026-01-09 13:53:22] ✅ Бот @StudyPractical_Bot готов к работе!
[2026-01-09 13:53:22] 🆔 ID бота: 8226200524
[2026-01-09 13:53:22] 🚀 Запускаем основной цикл обработки сообщений...
[2026-01-09 13:53:35] 📩 [Private] [13:53:35] 1147032885 (user:1147032885): .
[2026-01-09 13:53:35] ✅ [1147032885] Отправлено приветствие с кнопкой начала
[2026-01-09 13:53:37] 📩 [Private] [13:53:37] 1147032885 (user:1147032885): Начать
[2026-01-09 13:53:37] 🔄 [1147032885] Кнопка 'Начать' преобразована в команду /start
[2026-01-09 13:53:37] 🔄 [1147032885] Установлено состояние: awaiting_name
[2026-01-09 13:53:37] ✅ [1147032885] Команда /start обработана
[2026-01-09 13:53:46] 📩 [Private] [13:53:46] 1147032885 (user:1147032885): Отмена
[2026-01-09 13:53:46] 🔄 [1147032885] Кнопка 'Отмена' преобразована в команду /cancel
[2026-01-09 13:53:46] 🔄 [1147032885] Состояние сброшено командой /cancel
[2026-01-09 13:53:54] 📩 [Private] [13:53:54] 1147032885 (user:1147032885): Начать
[2026-01-09 13:53:54] 🔄 [1147032885] Кнопка 'Начать' преобразована в команду /start
[2026-01-09 13:53:54] 🔄 [1147032885] Установлено состояние: awaiting_name
[2026-01-09 13:53:54] ✅ [1147032885] Команда /start обработана
[2026-01-09 13:53:56] 📩 [Private] [13:53:56] 1147032885 (user:1147032885): ФЫвфыв
[2026-01-09 13:53:56] 🔄 [1147032885] Обработка состояния: awaiting_name
[2026-01-09 13:53:56] ✅ [1147032885] Имя сохранено: ФЫвфыв
[2026-01-09 13:53:58] 📩 [Private] [13:53:58] 1147032885 (user:1147032885): Сброс
[2026-01-09 13:53:58] 🔄 [1147032885] Кнопка 'Сброс' преобразована в команду /reset
[2026-01-09 13:53:58] 🔄 [1147032885] ПОЛНЫЙ СБРОС данных зарегистрированного пользователя
[2026-01-09 13:54:24] 📩 [Private] [13:54:24] 1147032885 (user:1147032885): Начать
[2026-01-09 13:54:24] 🔄 [1147032885] Кнопка 'Начать' преобразована в команду /start
[2026-01-09 13:54:24] 🔄 [1147032885] Установлено состояние: awaiting_name
[2026-01-09 13:54:24] ✅ [1147032885] Команда /start обработана
[2026-01-09 13:54:27] 📩 [Private] [13:54:27] 1147032885 (user:1147032885): Андрей
[2026-01-09 13:54:27] 🔄 [1147032885] Обработка состояния: awaiting_name
[2026-01-09 13:54:27] ✅ [1147032885] Имя сохранено: Андрей
[2026-01-09 13:54:29] 📩 [Private] [13:54:29] 1147032885 (user:1147032885): Помощь
[2026-01-09 13:54:29] 🔄 [1147032885] Кнопка 'Помощь' преобразована в команду /help
[2026-01-09 13:54:29] ✅ [1147032885] Команда /help обработана
[2026-01-09 13:54:37] 📩 [Private] [13:54:37] 1147032885 (user:1147032885): Сброс
[2026-01-09 13:54:37] 🔄 [1147032885] Кнопка 'Сброс' преобразована в команду /reset
[2026-01-09 13:54:37] 🔄 [1147032885] ПОЛНЫЙ СБРОС данных зарегистрированного пользователя
[2026-01-09 13:54:55] 📩 [Group] [13:54:55] -4834836474 (user:1147032885): /start@StudyPractical_Bot
[2026-01-09 13:54:55] 🔄 [1147032885] Установлено состояние: awaiting_name
[2026-01-09 13:54:55] ✅ [-4834836474] Команда /start обработана
[2026-01-09 13:55:05] 📩 [Group] [13:55:05] -4834836474 (user:1147032885): Андрей
[2026-01-09 13:55:05] 🔄 [1147032885] Обработка состояния: awaiting_name
[2026-01-09 13:55:05] ✅ [1147032885] Имя сохранено: Андрей
[2026-01-09 13:55:10] 📩 [Group] [13:55:10] -4834836474 (user:1147032885): /help
[2026-01-09 13:55:10] ✅ [-4834836474] Команда /help обработана
[2026-01-09 13:55:16] 📩 [Group] [13:55:16] -4834836474 (user:1147032885): /reset
[2026-01-09 13:55:17] 🔄 [1147032885] ПОЛНЫЙ СБРОС данных зарегистрированного пользователя
[2026-01-09 13:55:20] 📩 [Group] [13:55:20] -4834836474 (user:1147032885): Начать
[2026-01-09 13:55:20] ↩️ [-4834836474] Получен ответ на сообщение бота
[2026-01-09 13:55:20] 🔄 [1147032885] Установлено состояние из ответа в группе
[2026-01-09 13:55:20] ✅ [-4834836474] Обработка завершена
[2026-01-09 13:55:23] 📩 [Group] [13:55:23] -4834836474 (user:1147032885): Начать
[2026-01-09 13:55:23] 🔄 [1147032885] Обработка состояния: awaiting_name
[2026-01-09 13:55:23] ✅ [1147032885] Имя сохранено: Начать
[2026-01-09 13:56:03] 📩 [Private] [13:56:03] 1710621329 (user:1710621329): Начать
[2026-01-09 13:56:03] 🔄 [1710621329] Кнопка 'Начать' преобразована в команду /start
[2026-01-09 13:56:03] 🔄 [1710621329] Установлено состояние: awaiting_name
[2026-01-09 13:56:03] ✅ [1710621329] Команда /start обработана
[2026-01-09 13:56:08] 📩 [Private] [13:56:08] 1710621329 (user:1710621329): мя
[2026-01-09 13:56:08] 🔄 [1710621329] Обработка состояния: awaiting_name
[2026-01-09 13:56:08] ✅ [1710621329] Имя сохранено: мя
[2026-01-09 13:56:13] 📩 [Private] [13:56:13] 1710621329 (user:1710621329): Помощь
[2026-01-09 13:56:13] 🔄 [1710621329] Кнопка 'Помощь' преобразована в команду /help
[2026-01-09 13:56:13] ✅ [1710621329] Команда /help обработана
[2026-01-09 13:56:15] 📩 [Private] [13:56:15] 1710621329 (user:1710621329): Начать
[2026-01-09 13:56:15] 🔄 [1710621329] Кнопка 'Начать' преобразована в команду /start
[2026-01-09 13:56:15] ✅ [1710621329] Команда /start обработана
[2026-01-09 13:56:20] 📩 [Private] [13:56:20] 1710621329 (user:1710621329): Сброс
[2026-01-09 13:56:20] 🔄 [1710621329] Кнопка 'Сброс' преобразована в команду /reset
[2026-01-09 13:56:20] 🔄 [1710621329] ПОЛНЫЙ СБРОС данных зарегистрированного пользователя
[2026-01-09 13:57:26] 📩 [Private] [13:57:26] 1147032885 (user:1147032885): Начать
[2026-01-09 13:57:26] 🔄 [1147032885] Кнопка 'Начать' преобразована в команду /start
[2026-01-09 13:57:26] ✅ [1147032885] Команда /start обработана
[2026-01-09 14:04:08] ♻️ Подключаемся к Redis...
[2026-01-09 14:04:08] ✅ Redis готов!
[2026-01-09 14:04:08] 🧹 Очищаем старые обновления...
[2026-01-09 14:04:09] ✅ Нет старых обновлений для очистки
[2026-01-09 14:04:09] ✅ Бот @StudyPractical_Bot готов к работе!
[2026-01-09 14:04:09] 🆔 ID бота: 8226200524
[2026-01-09 14:04:09] 🚀 Запускаем основной цикл обработки сообщений...
[2026-01-09 14:04:38] 📩 [Group] [14:04:38] -4834836474 (user:1147032885): Начать
[2026-01-09 14:04:38] ↩️ [-4834836474] Получен ответ на сообщение бота
[2026-01-09 14:04:38] 🔄 [1147032885] Установлено состояние из ответа в группе
[2026-01-09 14:04:38] ✅ [-4834836474] Обработка завершена
[2026-01-09 14:04:43] 📩 [Group] [14:04:43] -4834836474 (user:1147032885): /start
[2026-01-09 14:04:43] ℹ️ [-4834836474] Игнорируем /start без упоминания и не в ответ боту
[2026-01-09 14:04:52] 📩 [Group] [14:04:52] -4834836474 (user:1147032885): /start@StudyPractical_Bot
[2026-01-09 14:04:52] 🔄 [1147032885] Установлено состояние: awaiting_name
[2026-01-09 14:04:52] ✅ [-4834836474] Команда /start обработана
[2026-01-09 14:04:59] 📩 [Group] [14:04:59] -4834836474 (user:1147032885): Андрей
[2026-01-09 14:04:59] 🔄 [1147032885] Обработка состояния: awaiting_name
[2026-01-09 14:05:00] ✅ [1147032885] Имя сохранено: Андрей
[2026-01-09 14:11:00] ♻️ Подключаемся к Redis...
[2026-01-09 14:11:00] ✅ Redis готов!
[2026-01-09 14:11:00] 🧹 Очищаем старые обновления...
[2026-01-09 14:11:01] ✅ Нет старых обновлений для очистки
[2026-01-09 14:11:01] ✅ Бот @StudyPractical_Bot готов к работе!
[2026-01-09 14:11:01] 🆔 ID бота: 8226200524
[2026-01-09 14:11:01] 🚀 Запускаем основной цикл обработки сообщений...
[2026-01-09 14:11:36] 📩 [Private] [14:11:36] 1147032885 (user:1147032885): в
[2026-01-09 14:11:36] ✅ [1147032885] Отправлено приветствие с кнопкой начала
[2026-01-09 14:11:38] 📩 [Private] [14:11:38] 1147032885 (user:1147032885): Начать
[2026-01-09 14:11:38] 🔄 [1147032885] Кнопка 'Начать' преобразована в команду /start
[2026-01-09 14:11:38] 🔄 [1147032885] Установлено состояние: awaiting_name
[2026-01-09 14:11:38] ✅ [1147032885] Команда /start обработана
[2026-01-09 14:11:41] 📩 [Private] [14:11:41] 1147032885 (user:1147032885): Андрей
[2026-01-09 14:11:41] 🔄 [1147032885] Обработка состояния: awaiting_name
[2026-01-09 14:11:41] ✅ [1147032885] Имя сохранено: Андрей
[2026-01-09 14:11:42] 📩 [Private] [14:11:42] 1147032885 (user:1147032885): Сброс
[2026-01-09 14:11:42] 🔄 [1147032885] Кнопка 'Сброс' преобразована в команду /reset
[2026-01-09 14:11:43] 🔄 [1147032885] ПОЛНЫЙ СБРОС данных зарегистрированного пользователя
[2026-01-09 14:11:44] 📩 [Private] [14:11:44] 1147032885 (user:1147032885): Начать
[2026-01-09 14:11:44] 🔄 [1147032885] Кнопка 'Начать' преобразована в команду /start
[2026-01-09 14:11:44] 🔄 [1147032885] Установлено состояние: awaiting_name
[2026-01-09 14:11:44] ✅ [1147032885] Команда /start обработана
[2026-01-09 14:11:46] 📩 [Private] [14:11:46] 1147032885 (user:1147032885): Отмена
[2026-01-09 14:11:46] 🔄 [1147032885] Кнопка 'Отмена' преобразована в команду /cancel
[2026-01-09 14:11:46] 🔄 [1147032885] Состояние сброшено командой /cancel
[2026-01-09 14:11:59] 📩 [Group] [14:11:59] -4834836474 (user:1147032885): /start@StudyPractical_Bot
[2026-01-09 14:11:59] 🔄 [1147032885] Установлено состояние: awaiting_name
[2026-01-09 14:11:59] ✅ [-4834836474] Команда /start обработана
[2026-01-09 14:12:02] 📩 [Group] [14:12:02] -4834836474 (user:1147032885): /menu
[2026-01-09 14:12:02] ℹ️ [-4834836474] Игнорируем /menu без упоминания и не в ответ боту
[2026-01-09 14:12:14] 📩 [Group] [14:12:14] -4834836474 (user:1147032885): /menu
[2026-01-09 14:12:14] ✅ [-4834836474] Меню показано в группе
[2026-01-09 14:12:16] 📩 [Group] [14:12:16] -4834836474 (user:1147032885): Начать
[2026-01-09 14:12:16] 🔄 [1147032885] Обработка состояния: awaiting_name
[2026-01-09 14:12:16] ✅ [1147032885] Имя сохранено: Начать
[2026-01-09 14:12:25] 📩 [Group] [14:12:25] -4834836474 (user:1147032885): Начать
[2026-01-09 14:12:25] ↩️ [-4834836474] Получен ответ на сообщение бота
[2026-01-09 14:12:25] 🔄 [1147032885] Установлено состояние из ответа в группе
[2026-01-09 14:12:25] ✅ [-4834836474] Обработка завершена
[2026-01-09 14:16:09] ♻️ Подключаемся к Redis...
[2026-01-09 14:16:10] ✅ Redis готов!
[2026-01-09 14:16:10] 🧹 Очищаем старые обновления...
[2026-01-09 14:16:10] 🗑️ Найдено 2 старых обновлений
[2026-01-09 14:16:10] ✅ Старые обновления очищены. Последний ID: 286519436
[2026-01-09 14:16:10] ✅ Бот @StudyPractical_Bot готов к работе!
[2026-01-09 14:16:10] 🆔 ID бота: 8226200524
[2026-01-09 14:16:10] 🚀 Запускаем основной цикл обработки сообщений...
[2026-01-09 14:16:23] 📩 [Private] [14:16:23] 1147032885 (user:1147032885): в
[2026-01-09 14:16:23] ✅ [1147032885] Отправлено приветствие с кнопкой начала
[2026-01-09 14:16:25] 📩 [Private] [14:16:25] 1147032885 (user:1147032885): Начать
[2026-01-09 14:16:25] 🔄 [1147032885] Кнопка 'Начать' преобразована в команду /start
[2026-01-09 14:16:25] 🔄 [1147032885] Установлено состояние: awaiting_name
[2026-01-09 14:16:25] ✅ [1147032885] Команда /start обработана
[2026-01-09 14:16:28] 📩 [Private] [14:16:28] 1147032885 (user:1147032885): Андрей
[2026-01-09 14:16:28] 🔄 [1147032885] Обработка состояния: awaiting_name
[2026-01-09 14:16:28] ✅ [1147032885] Имя сохранено: Андрей
[2026-01-09 14:16:31] 📩 [Private] [14:16:31] 1147032885 (user:1147032885): Начать
[2026-01-09 14:16:31] 🔄 [1147032885] Кнопка 'Начать' преобразована в команду /start
[2026-01-09 14:16:31] ✅ [1147032885] Команда /start обработана
[2026-01-09 14:18:26] 📩 [Group] [14:18:26] -4834836474 (user:1147032885): /start@StudyPractical_Bot
[2026-01-09 14:18:27] ✅ [-4834836474] Команда /start обработана
[2026-01-09 14:18:31] 📩 [Group] [14:18:31] -4834836474 (user:5680541014): Начать
[2026-01-09 14:18:31] ↩️ [-4834836474] Получен ответ на сообщение бота
[2026-01-09 14:18:31] 🔄 [5680541014] Установлено состояние из ответа в группе
[2026-01-09 14:18:31] ✅ [-4834836474] Обработка завершена
[2026-01-09 14:18:35] 📩 [Group] [14:18:35] -4834836474 (user:1147032885): Начать
[2026-01-09 14:18:35] ↩️ [-4834836474] Получен ответ на сообщение бота
[2026-01-09 14:18:35] 🔄 [1147032885] Установлено состояние из ответа в группе
[2026-01-09 14:18:35] ✅ [-4834836474] Обработка завершена
[2026-01-09 14:18:37] 📩 [Group] [14:18:37] -4834836474 (user:1147032885): Помощь
[2026-01-09 14:18:37] 🔄 [1147032885] Обработка состояния: awaiting_name
[2026-01-09 14:18:37] ✅ [1147032885] Имя сохранено: Помощь
[2026-01-09 14:18:45] 📩 [Group] [14:18:45] -4834836474 (user:1147032885): /reset
[2026-01-09 14:18:45] 🔄 [1147032885] ПОЛНЫЙ СБРОС данных зарегистрированного пользователя
[2026-01-09 14:20:14] 📩 [Group] [14:20:14] -4834836474 (user:5680541014): Помощь
[2026-01-09 14:20:14] 🔄 [5680541014] Обработка состояния: awaiting_name
[2026-01-09 14:20:15] ✅ [5680541014] Имя сохранено: Помощь
[2026-01-09 14:32:45] ♻️ Подключаемся к Redis...
[2026-01-09 14:32:45] ✅ Redis готов!
[2026-01-09 14:32:45] 🧹 Очищаем старые обновления...
[2026-01-09 14:32:45] ✅ Нет старых обновлений для очистки
[2026-01-09 14:32:45] ✅ Бот @StudyPractical_Bot готов к работе!
[2026-01-09 14:32:45] 🆔 ID бота: 8226200524
[2026-01-09 14:32:45] 🚀 Запускаем основной цикл обработки сообщений...
[2026-01-09 14:33:05] 📩 [Private] [14:33:05] 1147032885 (user:1147032885): d
[2026-01-09 14:33:05] ✅ [1147032885] Отправлено приветствие с кнопкой начала
[2026-01-09 14:33:07] 📩 [Private] [14:33:07] 1147032885 (user:1147032885): Начать
[2026-01-09 14:33:07] 🔄 [1147032885] Кнопка 'Начать' преобразована в команду /start
[2026-01-09 14:33:07] 🔄 [1147032885] Установлено состояние: awaiting_name
[2026-01-09 14:33:07] ✅ [1147032885] Команда /start обработана
[2026-01-09 14:33:10] 📩 [Private] [14:33:10] 1147032885 (user:1147032885): Андрей
[2026-01-09 14:33:10] 🔄 [1147032885] Обработка состояния: awaiting_name
[2026-01-09 14:33:10] ✅ [1147032885] Имя сохранено: Андрей
[2026-01-09 14:33:14] 📩 [Private] [14:33:14] 1147032885 (user:1147032885): Начать
[2026-01-09 14:33:14] 🔄 [1147032885] Кнопка 'Начать' преобразована в команду /start
[2026-01-09 14:33:15] ✅ [1147032885] Команда /start обработана
[2026-01-09 14:33:16] 📩 [Private] [14:33:16] 1147032885 (user:1147032885): Помощь
[2026-01-09 14:33:16] 🔄 [1147032885] Кнопка 'Помощь' преобразована в команду /help
[2026-01-09 14:33:17] ✅ [1147032885] Команда /help обработана
[2026-01-09 14:33:19] 📩 [Private] [14:33:19] 1147032885 (user:1147032885): Сброс
[2026-01-09 14:33:19] 🔄 [1147032885] Кнопка 'Сброс' преобразована в команду /reset
[2026-01-09 14:33:19] 🔄 [1147032885] ПОЛНЫЙ СБРОС данных зарегистрированного пользователя
[2026-01-09 14:33:21] 📩 [Private] [14:33:21] 1147032885 (user:1147032885): Начать
[2026-01-09 14:33:21] 🔄 [1147032885] Кнопка 'Начать' преобразована в команду /start
[2026-01-09 14:33:21] 🔄 [1147032885] Установлено состояние: awaiting_name
[2026-01-09 14:33:21] ✅ [1147032885] Команда /start обработана
[2026-01-09 14:33:34] 📩 [Group] [14:33:34] -4834836474 (user:1147032885): /start@StudyPractical_Bot
[2026-01-09 14:33:35] 🔄 [1147032885] Установлено состояние: awaiting_name
[2026-01-09 14:33:35] ✅ [-4834836474] Команда /start обработана
[2026-01-09 14:33:37] 📩 [Group] [14:33:37] -4834836474 (user:1147032885): Начать
[2026-01-09 14:33:37] 🔄 [1147032885] Обработка состояния: awaiting_name
[2026-01-09 14:33:38] ✅ [1147032885] Имя сохранено: Начать
[2026-01-09 14:33:47] 📩 [Group] [14:33:47] -4834836474 (user:1147032885): Помощь
[2026-01-09 14:33:47] ↩️ [-4834836474] Получен ответ на сообщение бота
[2026-01-09 14:33:47] 🔄 [1147032885] Установлено состояние из ответа в группе
[2026-01-09 14:33:47] ✅ [-4834836474] Обработка завершена
[2026-01-09 14:33:48] 📩 [Group] [14:33:48] -4834836474 (user:1147032885): Начать
[2026-01-09 14:33:48] ⚠️ [1147032885] Превышен лимит запросов
[2026-01-09 14:33:49] 📩 [Group] [14:33:49] -4834836474 (user:1147032885): Начать
[2026-01-09 14:33:49] 🔄 [1147032885] Обработка состояния: awaiting_name
[2026-01-09 14:33:49] ✅ [1147032885] Имя сохранено: Начать
[2026-01-09 14:33:54] 📩 [Group] [14:33:54] -4834836474 (user:1147032885): /reset
[2026-01-09 14:33:54] 🔄 [1147032885] ПОЛНЫЙ СБРОС данных зарегистрированного пользователя
[2026-01-09 14:34:31] 📩 [Group] [14:34:31] -4834836474 (user:1147032885): Помощь
[2026-01-09 14:34:31] ↩️ [-4834836474] Получен ответ на сообщение бота
[2026-01-09 14:34:31] 🔄 [1147032885] Установлено состояние из ответа в группе
[2026-01-09 14:34:31] ✅ [-4834836474] Обработка завершена
[2026-01-09 14:42:45] ♻️ Подключаемся к Redis...
[2026-01-09 14:42:45] ✅ Redis готов!
[2026-01-09 14:42:45] 🧹 Очищаем старые обновления...
[2026-01-09 14:42:46] 🗑️ Найдено 1 старых обновлений
[2026-01-09 14:42:46] ✅ Старые обновления очищены. Последний ID: 286519461
[2026-01-09 14:42:46] ✅ Бот @StudyPractical_Bot готов к работе!
[2026-01-09 14:42:46] 🆔 ID бота: 8226200524
[2026-01-09 14:42:46] 🚀 Запускаем основной цикл обработки сообщений...
[2026-01-09 14:42:51] 🔍 ТИП ЧАТА: Private | ID: 1147032885 | ПОЛЬЗОВАТЕЛЬ: 1147032885
[2026-01-09 14:42:51] 📩 [Private] [14:42:51] Отмена
[2026-01-09 14:42:51] ✅ [1147032885] Отправлено приветствие с кнопкой начала
[2026-01-09 14:42:54] 🔍 ТИП ЧАТА: Private | ID: 1147032885 | ПОЛЬЗОВАТЕЛЬ: 1147032885
[2026-01-09 14:42:54] 📩 [Private] [14:42:54] Начать
[2026-01-09 14:42:54] 🔄 [1147032885] Кнопка 'Начать' преобразована в команду /start
[2026-01-09 14:42:54] 🔄 [1147032885] Установлено состояние: awaiting_name
[2026-01-09 14:42:54] ✅ [1147032885] Команда /start обработана
[2026-01-09 14:42:57] 🔍 ТИП ЧАТА: Private | ID: 1147032885 | ПОЛЬЗОВАТЕЛЬ: 1147032885
[2026-01-09 14:42:57] 📩 [Private] [14:42:57] Андрей
[2026-01-09 14:42:57] 🔄 [1147032885] Обработка состояния: awaiting_name
[2026-01-09 14:42:57] ✅ [1147032885] Имя сохранено: Андрей
[2026-01-09 14:43:04] 🔍 ТИП ЧАТА: Private | ID: 1147032885 | ПОЛЬЗОВАТЕЛЬ: 1147032885
[2026-01-09 14:43:04] 📩 [Private] [14:43:04] Начать
[2026-01-09 14:43:04] 🔄 [1147032885] Кнопка 'Начать' преобразована в команду /start
[2026-01-09 14:43:04] ✅ [1147032885] Команда /start обработана
[2026-01-09 14:43:08] 🔍 ТИП ЧАТА: Private | ID: 1147032885 | ПОЛЬЗОВАТЕЛЬ: 1147032885
[2026-01-09 14:43:08] 📩 [Private] [14:43:08] Помощь
[2026-01-09 14:43:08] 🔄 [1147032885] Кнопка 'Помощь' преобразована в команду /help
[2026-01-09 14:43:09] ✅ [1147032885] Команда /help обработана
[2026-01-09 14:43:11] 🔍 ТИП ЧАТА: Private | ID: 1147032885 | ПОЛЬЗОВАТЕЛЬ: 1147032885
[2026-01-09 14:43:11] 📩 [Private] [14:43:11] Сброс
[2026-01-09 14:43:11] 🔄 [1147032885] Кнопка 'Сброс' преобразована в команду /reset
[2026-01-09 14:43:11] 🔄 [1147032885] ПОЛНЫЙ СБРОС данных зарегистрированного пользователя
[2026-01-09 14:43:38] 🔍 ТИП ЧАТА: Group | ID: -4834836474 | ПОЛЬЗОВАТЕЛЬ: 1147032885
[2026-01-09 14:43:38] 📩 [Group] [14:43:38] /start@StudyPractical_Bot
[2026-01-09 14:43:38] 🔄 [1147032885] Установлено состояние: awaiting_name
[2026-01-09 14:43:38] ✅ [-4834836474] Команда /start обработана
[2026-01-09 14:43:44] 🔍 ТИП ЧАТА: Group | ID: -4834836474 | ПОЛЬЗОВАТЕЛЬ: 1147032885
[2026-01-09 14:43:44] 📩 [Group] [14:43:44] Андрей
[2026-01-09 14:43:44] 🔄 [1147032885] Обработка состояния: awaiting_name
[2026-01-09 14:43:44] ✅ [1147032885] Имя сохранено: Андрей
[2026-01-09 14:43:50] 🔍 ТИП ЧАТА: Group | ID: -4834836474 | ПОЛЬЗОВАТЕЛЬ: 1147032885
[2026-01-09 14:43:50] 📩 [Group] [14:43:50] /help
[2026-01-09 14:43:51] ✅ [-4834836474] Команда /help обработана
[2026-01-09 14:43:59] 🔍 ТИП ЧАТА: Private | ID: 1147032885 | ПОЛЬЗОВАТЕЛЬ: 1147032885
[2026-01-09 14:43:59] 📩 [Private] [14:43:59] Начать
[2026-01-09 14:43:59] 🔄 [1147032885] Кнопка 'Начать' преобразована в команду /start
[2026-01-09 14:43:59] ✅ [1147032885] Команда /start обработана
[2026-01-09 14:45:41] ♻️ Подключаемся к Redis...
[2026-01-09 14:45:41] ✅ Redis готов!
[2026-01-09 14:45:41] 🧹 Очищаем старые обновления...
[2026-01-09 14:45:41] ✅ Нет старых обновлений для очистки
[2026-01-09 14:45:42] ✅ Бот @StudyPractical_Bot готов к работе!
[2026-01-09 14:45:42] 🆔 ID бота: 8226200524
[2026-01-09 14:45:42] 🚀 Запускаем основной цикл обработки сообщений...
[2026-01-09 14:45:47] 🔍 ТИП ЧАТА: Private | ID: 1147032885 | ПОЛЬЗОВАТЕЛЬ: 1147032885
[2026-01-09 14:45:47] 📩 [Private] [14:45:47] Помощь
[2026-01-09 14:45:47] 🔄 [1147032885] Кнопка 'Помощь' преобразована в команду /help
[2026-01-09 14:45:47] ✅ [1147032885] Команда /help обработана
[2026-01-09 14:45:51] 🔍 ТИП ЧАТА: Private | ID: 1147032885 | ПОЛЬЗОВАТЕЛЬ: 1147032885
[2026-01-09 14:45:51] 📩 [Private] [14:45:51] Начать
[2026-01-09 14:45:51] 🔄 [1147032885] Кнопка 'Начать' преобразована в команду /start
[2026-01-09 14:45:51] 🔄 [1147032885] Установлено состояние: awaiting_name
[2026-01-09 14:45:51] ✅ [1147032885] Команда /start обработана
[2026-01-09 14:45:55] 🔍 ТИП ЧАТА: Private | ID: 1147032885 | ПОЛЬЗОВАТЕЛЬ: 1147032885
[2026-01-09 14:45:55] 📩 [Private] [14:45:55] Отмена
[2026-01-09 14:45:55] 🔄 [1147032885] Кнопка 'Отмена' преобразована в команду /cancel
[2026-01-09 14:45:55] 🔄 [1147032885] Состояние сброшено командой /cancel
[2026-01-09 14:45:59] 🔍 ТИП ЧАТА: Private | ID: 1147032885 | ПОЛЬЗОВАТЕЛЬ: 1147032885
[2026-01-09 14:45:59] 📩 [Private] [14:45:59] Начать
[2026-01-09 14:45:59] 🔄 [1147032885] Кнопка 'Начать' преобразована в команду /start
[2026-01-09 14:45:59] 🔄 [1147032885] Установлено состояние: awaiting_name
[2026-01-09 14:45:59] ✅ [1147032885] Команда /start обработана
[2026-01-09 14:46:03] 🔍 ТИП ЧАТА: Private | ID: 1147032885 | ПОЛЬЗОВАТЕЛЬ: 1147032885
[2026-01-09 14:46:03] 📩 [Private] [14:46:03] Андрей
[2026-01-09 14:46:03] 🔄 [1147032885] Обработка состояния: awaiting_name
[2026-01-09 14:46:03] ✅ [1147032885] Имя сохранено: Андрей
[2026-01-09 14:46:05] 🔍 ТИП ЧАТА: Private | ID: 1147032885 | ПОЛЬЗОВАТЕЛЬ: 1147032885
[2026-01-09 14:46:05] 📩 [Private] [14:46:05] Начать
[2026-01-09 14:46:05] 🔄 [1147032885] Кнопка 'Начать' преобразована в команду /start
[2026-01-09 14:46:05] ✅ [1147032885] Команда /start обработана
[2026-01-09 15:02:12] ♻️ Подключаемся к Redis...
[2026-01-09 15:02:12] ✅ Redis готов!
[2026-01-09 15:02:12] 🧹 Очищаем старые обновления...
[2026-01-09 15:02:12] ✅ Нет старых обновлений для очистки
[2026-01-09 15:02:13] ✅ Бот @StudyPractical_Bot готов к работе!
[2026-01-09 15:02:13] 🆔 ID бота: 8226200524
[2026-01-09 15:02:13] 🚀 Запускаем основной цикл обработки сообщений...
[2026-01-09 15:02:19] 🔍 ТИП ЧАТА: Private | ID: 1147032885 | ПОЛЬЗОВАТЕЛЬ: 1147032885
[2026-01-09 15:02:19] 📩 [Private] [15:02:19] Сброс
[2026-01-09 15:02:20] ✅ [1147032885] Отправлено приветствие с кнопкой начала
[2026-01-09 15:02:23] 🔍 ТИП ЧАТА: Private | ID: 1147032885 | ПОЛЬЗОВАТЕЛЬ: 1147032885
[2026-01-09 15:02:23] 📩 [Private] [15:02:23] Андрей
[2026-01-09 15:02:23] ✅ [1147032885] Отправлено приветствие с кнопкой начала
[2026-01-09 15:02:26] 🔍 ТИП ЧАТА: Private | ID: 1147032885 | ПОЛЬЗОВАТЕЛЬ: 1147032885
[2026-01-09 15:02:26] 📩 [Private] [15:02:26] Начать
[2026-01-09 15:02:26] 🔄 [1147032885] Кнопка 'Начать' преобразована в команду /start
[2026-01-09 15:02:26] 🔄 [1147032885] Установлено состояние: awaiting_name
[2026-01-09 15:02:26] ✅ [1147032885] Команда /start обработана
[2026-01-09 15:02:30] 🔍 ТИП ЧАТА: Private | ID: 1147032885 | ПОЛЬЗОВАТЕЛЬ: 1147032885
[2026-01-09 15:02:30] 📩 [Private] [15:02:30] Андрей
[2026-01-09 15:02:30] 🔄 [1147032885] Обработка состояния: awaiting_name
[2026-01-09 15:02:30] ✅ [1147032885] Имя сохранено: Андрей
[2026-01-09 15:02:33] 🔍 ТИП ЧАТА: Private | ID: 1147032885 | ПОЛЬЗОВАТЕЛЬ: 1147032885
[2026-01-09 15:02:33] 📩 [Private] [15:02:33] Начать
[2026-01-09 15:02:33] 🔄 [1147032885] Кнопка 'Начать' преобразована в команду /start
[2026-01-09 15:02:33] ✅ [1147032885] Команда /start обработана
[2026-01-09 15:02:34] 🔍 ТИП ЧАТА: Private | ID: 1147032885 | ПОЛЬЗОВАТЕЛЬ: 1147032885
[2026-01-09 15:02:34] 📩 [Private] [15:02:34] Сброс
[2026-01-09 15:02:34] ⚠️ [1147032885] Превышен лимит запросов
[2026-01-09 15:02:37] 🔍 ТИП ЧАТА: Private | ID: 1147032885 | ПОЛЬЗОВАТЕЛЬ: 1147032885
[2026-01-09 15:02:37] 📩 [Private] [15:02:37] Сброс
[2026-01-09 15:02:37] 🔄 [1147032885] Кнопка 'Сброс' преобразована в команду /reset
[2026-01-09 15:02:37] 🔄 [1147032885] ПОЛНЫЙ СБРОС данных зарегистрированного пользователя
[2026-01-09 15:02:39] 🔍 ТИП ЧАТА: Private | ID: 1147032885 | ПОЛЬЗОВАТЕЛЬ: 1147032885
[2026-01-09 15:02:39] 📩 [Private] [15:02:39] Сброс
[2026-01-09 15:02:39] ✅ [1147032885] Отправлено приветствие с кнопкой начала
[2026-01-09 15:02:41] 🔍 ТИП ЧАТА: Private | ID: 1147032885 | ПОЛЬЗОВАТЕЛЬ: 1147032885
[2026-01-09 15:02:41] 📩 [Private] [15:02:41] Начать
[2026-01-09 15:02:41] 🔄 [1147032885] Кнопка 'Начать' преобразована в команду /start
[2026-01-09 15:02:41] 🔄 [1147032885] Установлено состояние: awaiting_name
[2026-01-09 15:02:41] ✅ [1147032885] Команда /start обработана
[2026-01-09 15:02:42] 🔍 ТИП ЧАТА: Private | ID: 1147032885 | ПОЛЬЗОВАТЕЛЬ: 1147032885
[2026-01-09 15:02:42] 📩 [Private] [15:02:42] Отмена
[2026-01-09 15:02:42] 🔄 [1147032885] Кнопка 'Отмена' преобразована в команду /cancel
[2026-01-09 15:02:42] 🔄 [1147032885] Состояние сброшено командой /cancel
[2026-01-09 15:02:48] 🔍 ТИП ЧАТА: Private | ID: 1147032885 | ПОЛЬЗОВАТЕЛЬ: 1147032885
[2026-01-09 15:02:48] 📩 [Private] [15:02:48] Начать
[2026-01-09 15:02:48] 🔄 [1147032885] Кнопка 'Начать' преобразована в команду /start
[2026-01-09 15:02:48] 🔄 [1147032885] Установлено состояние: awaiting_name
[2026-01-09 15:02:48] ✅ [1147032885] Команда /start обработана
[2026-01-09 15:02:53] 🔍 ТИП ЧАТА: Private | ID: 1147032885 | ПОЛЬЗОВАТЕЛЬ: 1147032885
[2026-01-09 15:02:53] 📩 [Private] [15:02:53] Андрей
[2026-01-09 15:02:53] 🔄 [1147032885] Обработка состояния: awaiting_name
[2026-01-09 15:02:53] ✅ [1147032885] Имя сохранено: Андрей
[2026-01-09 15:02:55] 🔍 ТИП ЧАТА: Private | ID: 1147032885 | ПОЛЬЗОВАТЕЛЬ: 1147032885
[2026-01-09 15:02:55] 📩 [Private] [15:02:55] Начать
[2026-01-09 15:02:55] 🔄 [1147032885] Кнопка 'Начать' преобразована в команду /start
[2026-01-09 15:02:55] ✅ [1147032885] Команда /start обработана
[2026-01-09 15:02:59] 🔍 ТИП ЧАТА: Private | ID: 1147032885 | ПОЛЬЗОВАТЕЛЬ: 1147032885
[2026-01-09 15:02:59] 📩 [Private] [15:02:59] Помощь
[2026-01-09 15:02:59] 🔄 [1147032885] Кнопка 'Помощь' преобразована в команду /help
[2026-01-09 15:02:59] ✅ [1147032885] Команда /help обработана
[2026-01-09 15:03:00] 🔍 ТИП ЧАТА: Private | ID: 1147032885 | ПОЛЬЗОВАТЕЛЬ: 1147032885
[2026-01-09 15:03:00] 📩 [Private] [15:03:00] Сброс
[2026-01-09 15:03:00] 🔄 [1147032885] Кнопка 'Сброс' преобразована в команду /reset
[2026-01-09 15:03:00] 🔄 [1147032885] ПОЛНЫЙ СБРОС данных зарегистрированного пользователя
[2026-01-09 15:03:02] 🔍 ТИП ЧАТА: Private | ID: 1147032885 | ПОЛЬЗОВАТЕЛЬ: 1147032885
[2026-01-09 15:03:02] 📩 [Private] [15:03:02] Сброс
[2026-01-09 15:03:02] ✅ [1147032885] Отправлено приветствие с кнопкой начала
[2026-01-09 15:03:05] 🔍 ТИП ЧАТА: Private | ID: 1147032885 | ПОЛЬЗОВАТЕЛЬ: 1147032885
[2026-01-09 15:03:05] 📩 [Private] [15:03:05] Андрей
[2026-01-09 15:03:05] ✅ [1147032885] Отправлено приветствие с кнопкой начала
[2026-01-09 15:03:10] 🔍 ТИП ЧАТА: Private | ID: 1147032885 | ПОЛЬЗОВАТЕЛЬ: 1147032885
[2026-01-09 15:03:10] 📩 [Private] [15:03:10] Начать
[2026-01-09 15:03:10] 🔄 [1147032885] Кнопка 'Начать' преобразована в команду /start
[2026-01-09 15:03:10] 🔄 [1147032885] Установлено состояние: awaiting_name
[2026-01-09 15:03:10] ✅ [1147032885] Команда /start обработана
[2026-01-09 15:03:32] ♻️ Подключаемся к Redis...
[2026-01-09 15:03:32] ✅ Redis готов!
[2026-01-09 15:03:32] 🧹 Очищаем старые обновления...
[2026-01-09 15:03:33] ✅ Нет старых обновлений для очистки
[2026-01-09 15:03:33] ✅ Бот @StudyPractical_Bot готов к работе!
[2026-01-09 15:03:33] 🆔 ID бота: 8226200524
[2026-01-09 15:03:33] 🚀 Запускаем основной цикл обработки сообщений...
[2026-01-09 15:03:36] 🔍 ТИП ЧАТА: Private | ID: 1147032885 | ПОЛЬЗОВАТЕЛЬ: 1147032885
[2026-01-09 15:03:36] 📩 [Private] [15:03:36] ф
[2026-01-09 15:03:36] ✅ [1147032885] Отправлено приветствие с кнопкой начала
[2026-01-09 15:03:41] 🔍 ТИП ЧАТА: Private | ID: 1147032885 | ПОЛЬЗОВАТЕЛЬ: 1147032885
[2026-01-09 15:03:41] 📩 [Private] [15:03:41] Начать
[2026-01-09 15:03:41] 🔄 [1147032885] Кнопка 'Начать' преобразована в команду /start
[2026-01-09 15:03:41] 🔄 [1147032885] Установлено состояние: awaiting_name
[2026-01-09 15:03:41] ✅ [1147032885] Команда /start обработана
[2026-01-09 15:03:44] 🔍 ТИП ЧАТА: Private | ID: 1147032885 | ПОЛЬЗОВАТЕЛЬ: 1147032885
[2026-01-09 15:03:44] 📩 [Private] [15:03:44] Андрей
[2026-01-09 15:03:44] 🔄 [1147032885] Обработка состояния: awaiting_name
[2026-01-09 15:03:44] ✅ [1147032885] Имя сохранено: Андрей
[2026-01-09 15:03:46] 🔍 ТИП ЧАТА: Private | ID: 1147032885 | ПОЛЬЗОВАТЕЛЬ: 1147032885
[2026-01-09 15:03:46] 📩 [Private] [15:03:46] Начать
[2026-01-09 15:03:46] 🔄 [1147032885] Кнопка 'Начать' преобразована в команду /start
[2026-01-09 15:03:46] ✅ [1147032885] Команда /start обработана
[2026-01-09 15:03:48] 🔍 ТИП ЧАТА: Private | ID: 1147032885 | ПОЛЬЗОВАТЕЛЬ: 1147032885
[2026-01-09 15:03:48] 📩 [Private] [15:03:48] Помощь
[2026-01-09 15:03:48] 🔄 [1147032885] Кнопка 'Помощь' преобразована в команду /help
[2026-01-09 15:03:48] ✅ [1147032885] Команда /help обработана
[2026-01-09 15:03:56] 🔍 ТИП ЧАТА: Private | ID: 1147032885 | ПОЛЬЗОВАТЕЛЬ: 1147032885
[2026-01-09 15:03:56] 📩 [Private] [15:03:56] Сброс
[2026-01-09 15:03:56] 🔄 [1147032885] Кнопка 'Сброс' преобразована в команду /reset
[2026-01-09 15:03:57] 🔄 [1147032885] ПОЛНЫЙ СБРОС данных зарегистрированного пользователя
[2026-01-09 15:04:09] 🔍 ТИП ЧАТА: Private | ID: 1147032885 | ПОЛЬЗОВАТЕЛЬ: 1147032885
[2026-01-09 15:04:09] 📩 [Private] [15:04:09] Начать
[2026-01-09 15:04:09] 🔄 [1147032885] Кнопка 'Начать' преобразована в команду /start
[2026-01-09 15:04:09] 🔄 [1147032885] Установлено состояние: awaiting_name
[2026-01-09 15:04:09] ✅ [1147032885] Команда /start обработана
[2026-01-09 15:08:21] ♻️ Подключаемся к Redis...
[2026-01-09 15:08:21] ✅ Redis готов!
[2026-01-09 15:08:22] ✅ Бот @StudyPractical_Bot готов к работе!
[2026-01-09 15:08:22] 🚀 Запускаем основной цикл обработки сообщений...
[2026-01-09 15:08:25] 📩 [Private] [15:08:25] ф
[2026-01-09 15:08:34] 📩 [Private] [15:08:34] /start
[2026-01-09 15:08:34] ✅ [1147032885] /start обработана
[2026-01-09 15:08:38] 📩 [Private] [15:08:38] Андрей
[2026-01-09 15:08:39] ✅ [1147032885] Имя сохранено
[2026-01-09 15:08:41] 📩 [Private] [15:08:41] Начать
[2026-01-09 15:08:41] 🔄 [1147032885] Кнопка 'Начать' → /start
[2026-01-09 15:08:41] ✅ [1147032885] /start обработана
[2026-01-09 15:08:50] 📩 [Private] [15:08:50] Сброс
[2026-01-09 15:08:50] 🔄 [1147032885] Кнопка 'Сброс' → /reset
[2026-01-09 15:08:50] 🔄 [1147032885] Полный сброс данных
[2026-01-09 15:08:58] 📩 [Private] [15:08:58] Помощь
[2026-01-09 15:08:58] 🔄 [1147032885] Кнопка 'Помощь' → /help
[2026-01-09 15:08:58] ✅ [1147032885] /help обработана
[2026-01-09 15:08:59] 📩 [Private] [15:08:59] Начать
[2026-01-09 15:08:59] 🔄 [1147032885] Кнопка 'Начать' → /start
[2026-01-09 15:08:59] ✅ [1147032885] /start обработана
[2026-01-09 15:09:05] 📩 [Private] [15:09:05] фыв
[2026-01-09 15:09:05] ✅ [1147032885] Имя сохранено
[2026-01-09 15:09:07] 📩 [Private] [15:09:07] Начать
[2026-01-09 15:09:07] 🔄 [1147032885] Кнопка 'Начать' → /start
[2026-01-09 15:09:08] ✅ [1147032885] /start обработана
[2026-01-09 15:09:09] 📩 [Private] [15:09:09] Сброс
[2026-01-09 15:09:09] 🔄 [1147032885] Кнопка 'Сброс' → /reset
[2026-01-09 15:09:09] 🔄 [1147032885] Полный сброс данных
[2026-01-09 15:09:19] ♻️ Подключаемся к Redis...
[2026-01-09 15:09:19] ✅ Redis готов!
[2026-01-09 15:09:20] ✅ Бот @StudyPractical_Bot готов к работе!
[2026-01-09 15:09:20] 🚀 Запускаем основной цикл обработки сообщений...
[2026-01-09 15:09:22] 📩 [Private] [15:09:22] в
[2026-01-09 15:13:50] ♻️ Подключаемся к Redis...
[2026-01-09 15:13:50] ✅ Redis готов!
[2026-01-09 15:13:51] ✅ Бот @StudyPractical_Bot готов к работе!
[2026-01-09 15:13:51] 🚀 Запускаем основной цикл обработки сообщений...
[2026-01-09 15:13:58] 📩 [Private] [15:13:58] ф
[2026-01-09 15:13:58] ✅ [1147032885] Отправлено приветствие с кнопкой 'Начать'
[2026-01-09 15:14:00] 📩 [Private] [15:14:00] Начать
[2026-01-09 15:14:00] 🔄 [1147032885] Кнопка 'Начать' → /start
[2026-01-09 15:14:00] ✅ [1147032885] /start обработана
[2026-01-09 15:14:04] 📩 [Private] [15:14:04] Андрей
[2026-01-09 15:14:04] ✅ [1147032885] Имя сохранено
[2026-01-09 15:14:05] 📩 [Private] [15:14:05] Начать
[2026-01-09 15:14:05] 🔄 [1147032885] Кнопка 'Начать' → /start
[2026-01-09 15:14:06] ✅ [1147032885] /start обработана
[2026-01-09 15:14:10] 📩 [Private] [15:14:10] Сброс
[2026-01-09 15:14:10] 🔄 [1147032885] Кнопка 'Сброс' → /reset
[2026-01-09 15:14:10] 🔄 [1147032885] Полный сброс данных
[2026-01-09 15:16:38] ♻️ Подключаемся к Redis...
[2026-01-09 15:16:38] ✅ Redis готов!
[2026-01-09 15:16:38] ✅ Бот @StudyPractical_Bot готов к работе!
[2026-01-09 15:16:38] 🚀 Запускаем основной цикл обработки сообщений...
[2026-01-09 15:16:45] 📩 [Private] [15:16:45] в
[2026-01-09 15:16:46] ✅ [1147032885] Отправлено приветствие с кнопкой 'Начать'
[2026-01-09 15:16:47] 📩 [Private] [15:16:47] Начать
[2026-01-09 15:16:47] 🔄 [1147032885] Кнопка 'Начать' → /start
[2026-01-09 15:16:47] ✅ [1147032885] /start обработана
[2026-01-09 15:16:51] 📩 [Private] [15:16:51] Андрей
[2026-01-09 15:16:51] ✅ [1147032885] Имя сохранено
[2026-01-09 15:16:52] 📩 [Private] [15:16:52] Начать
[2026-01-09 15:16:52] 🔄 [1147032885] Кнопка 'Начать' → /start
[2026-01-09 15:16:53] ✅ [1147032885] /start обработана
[2026-01-09 15:16:57] 📩 [Private] [15:16:57] Сброс
[2026-01-09 15:16:57] 🔄 [1147032885] Кнопка 'Сброс' → /reset
[2026-01-09 15:16:57] 🔄 [1147032885] Полный сброс данных
[2026-01-09 15:17:00] 📩 [Private] [15:17:00] Начать
[2026-01-09 15:17:00] 🔄 [1147032885] Кнопка 'Начать' → /start
[2026-01-09 15:17:01] ✅ [1147032885] /start обработана
[2026-01-09 15:17:02] 📩 [Private] [15:17:02] Отмена
[2026-01-09 15:17:02] 🔄 [1147032885] Кнопка 'Отмена' → /cancel
[2026-01-09 15:17:02] 🔄 [1147032885] Состояние сброшено
[2026-01-09 15:17:05] 📩 [Private] [15:17:05] Начать
[2026-01-09 15:17:05] 🔄 [1147032885] Кнопка 'Начать' → /start
[2026-01-09 15:17:05] ✅ [1147032885] /start обработана
[2026-01-09 15:24:09] ♻️ Подключаемся к Redis...
[2026-01-09 15:24:09] ✅ Redis готов!
[2026-01-09 15:24:10] ✅ Бот @StudyPractical_Bot готов к работе!
[2026-01-09 15:24:10] 🚀 Запускаем основной цикл обработки сообщений...
[2026-01-09 15:24:14] 📩 [Private] [15:24:14] Отмена
[2026-01-09 15:24:15] ✅ [1147032885] Отправлено приветствие с кнопкой 'Начать'
[2026-01-09 15:24:20] 📩 [Private] [15:24:20] Начать
[2026-01-09 15:24:20] 🔄 [1147032885] Кнопка 'Начать' → /start
[2026-01-09 15:24:20] ✅ [1147032885] /start обработана
[2026-01-09 15:24:24] 📩 [Private] [15:24:24] Андрей
[2026-01-09 15:24:24] ✅ [1147032885] Имя сохранено
[2026-01-09 15:24:29] 📩 [Private] [15:24:29] Начать
[2026-01-09 15:24:29] 🔄 [1147032885] Кнопка 'Начать' → /start
[2026-01-09 15:24:29] ✅ [1147032885] /start обработана
[2026-01-09 15:24:40] 📩 [Private] [15:24:40] Помощь
[2026-01-09 15:24:40] 🔄 [1147032885] Кнопка 'Помощь' → /help
[2026-01-09 15:24:40] ✅ [1147032885] /help обработана
[2026-01-09 15:24:52] 📩 [Private] [15:24:52] Сброс
[2026-01-09 15:24:52] 🔄 [1147032885] Кнопка 'Сброс' → /reset
[2026-01-09 15:24:52] 🔄 [1147032885] Полный сброс данных
[2026-01-09 15:25:03] 📩 [Group] [15:25:03] /start@StudyPractical_Bot
[2026-01-09 15:25:04] ✅ [-4834836474] /start обработана
[2026-01-09 15:25:10] 📩 [Group] [15:25:10] Андрей
[2026-01-09 15:25:10] ✅ [1147032885] Имя сохранено
[2026-01-09 15:25:15] 📩 [Group] [15:25:15] /help
[2026-01-09 15:25:15] ✅ [-4834836474] /help обработана
[2026-01-09 15:25:23] 📩 [Group] [15:25:23] /reset
[2026-01-09 15:25:23] 🔄 [1147032885] Полный сброс данных
[2026-01-09 15:27:13] ♻️ Подключаемся к Redis...
[2026-01-09 15:27:13] ✅ Redis готов!
[2026-01-09 15:27:14] ✅ Бот @StudyPractical_Bot готов к работе!
[2026-01-09 15:27:14] 🚀 Запускаем основной цикл обработки сообщений...
